<?xml version="1.0" encoding="UTF-8"?>
<testsuite xmlns:xsi="http://www.w3.org/2001/XMLSchema-instance" xsi:noNamespaceSchemaLocation="https://maven.apache.org/surefire/maven-surefire-plugin/xsd/surefire-test-report-3.0.xsd" version="3.0" name="org.test.StorageTest" time="0.047" tests="3" errors="0" skipped="1" failures="0">
  <properties>
[...]
</properties>
  <testcase name="addNull" classname="org.test.StorageTest" time="0.031"/>
  <testcase name="addTest" classname="org.test.StorageTest" time="0">
    <skipped message="public void org.test.StorageTest.addTest() is @Disabled"/>
  </testcase>
  <testcase name="getAllEmpty" classname="org.test.StorageTest" time="0"/>
</testsuite>